C:\USERS\JORGE\DOCUMENTS\VISUAL STUDIO 2010\PROJECTS\PROGRAMMINGASSIGNMENT4\DEBUG\PROGRAMMINGASSIGNMENT4.EXE
C:\USERS\JORGE\DOCUMENTS\VISUAL STUDIO 2010\PROJECTS\PROGRAMMINGASSIGNMENT4\DEBUG\PROGRAMMINGASSIGNMENT4.ILK
C:\USERS\JORGE\DOCUMENTS\VISUAL STUDIO 2010\PROJECTS\PROGRAMMINGASSIGNMENT4\DEBUG\PROGRAMMINGASSIGNMENT4.PDB
C:\USERS\JORGE\DOCUMENTS\VISUAL STUDIO 2010\PROJECTS\PROGRAMMINGASSIGNMENT4\PROGRAMMINGASSIGNMENT4\DEBUG\AUDIO.OBJ
C:\USERS\JORGE\DOCUMENTS\VISUAL STUDIO 2010\PROJECTS\PROGRAMMINGASSIGNMENT4\PROGRAMMINGASSIGNMENT4\DEBUG\CASSETTE.OBJ
C:\USERS\JORGE\DOCUMENTS\VISUAL STUDIO 2010\PROJECTS\PROGRAMMINGASSIGNMENT4\PROGRAMMINGASSIGNMENT4\DEBUG\CATALOG.OBJ
C:\USERS\JORGE\DOCUMENTS\VISUAL STUDIO 2010\PROJECTS\PROGRAMMINGASSIGNMENT4\PROGRAMMINGASSIGNMENT4\DEBUG\CD.OBJ
C:\Users\Jorge\Documents\Visual Studio 2010\Projects\ProgrammingAssignment4\ProgrammingAssignment4\Debug\cl.command.1.tlog
C:\Users\Jorge\Documents\Visual Studio 2010\Projects\ProgrammingAssignment4\ProgrammingAssignment4\Debug\CL.read.1.tlog
C:\Users\Jorge\Documents\Visual Studio 2010\Projects\ProgrammingAssignment4\ProgrammingAssignment4\Debug\CL.write.1.tlog
C:\USERS\JORGE\DOCUMENTS\VISUAL STUDIO 2010\PROJECTS\PROGRAMMINGASSIGNMENT4\PROGRAMMINGASSIGNMENT4\DEBUG\CONTROLLER.OBJ
C:\USERS\JORGE\DOCUMENTS\VISUAL STUDIO 2010\PROJECTS\PROGRAMMINGASSIGNMENT4\PROGRAMMINGASSIGNMENT4\DEBUG\DVD.OBJ
C:\Users\Jorge\Documents\Visual Studio 2010\Projects\ProgrammingAssignment4\ProgrammingAssignment4\Debug\link.9008.read.1.tlog
C:\Users\Jorge\Documents\Visual Studio 2010\Projects\ProgrammingAssignment4\ProgrammingAssignment4\Debug\link.9008.write.1.tlog
C:\Users\Jorge\Documents\Visual Studio 2010\Projects\ProgrammingAssignment4\ProgrammingAssignment4\Debug\link.9008-cvtres.read.1.tlog
C:\Users\Jorge\Documents\Visual Studio 2010\Projects\ProgrammingAssignment4\ProgrammingAssignment4\Debug\link.9008-cvtres.write.1.tlog
C:\Users\Jorge\Documents\Visual Studio 2010\Projects\ProgrammingAssignment4\ProgrammingAssignment4\Debug\link.command.1.tlog
C:\Users\Jorge\Documents\Visual Studio 2010\Projects\ProgrammingAssignment4\ProgrammingAssignment4\Debug\link.read.1.tlog
C:\Users\Jorge\Documents\Visual Studio 2010\Projects\ProgrammingAssignment4\ProgrammingAssignment4\Debug\link.write.1.tlog
C:\Users\Jorge\Documents\Visual Studio 2010\Projects\ProgrammingAssignment4\ProgrammingAssignment4\Debug\link-cvtres.read.1.tlog
C:\Users\Jorge\Documents\Visual Studio 2010\Projects\ProgrammingAssignment4\ProgrammingAssignment4\Debug\link-cvtres.write.1.tlog
C:\USERS\JORGE\DOCUMENTS\VISUAL STUDIO 2010\PROJECTS\PROGRAMMINGASSIGNMENT4\PROGRAMMINGASSIGNMENT4\DEBUG\MEDIA.OBJ
C:\Users\Jorge\Documents\Visual Studio 2010\Projects\ProgrammingAssignment4\ProgrammingAssignment4\Debug\mt.command.1.tlog
C:\Users\Jorge\Documents\Visual Studio 2010\Projects\ProgrammingAssignment4\ProgrammingAssignment4\Debug\mt.read.1.tlog
C:\Users\Jorge\Documents\Visual Studio 2010\Projects\ProgrammingAssignment4\ProgrammingAssignment4\Debug\mt.write.1.tlog
C:\USERS\JORGE\DOCUMENTS\VISUAL STUDIO 2010\PROJECTS\PROGRAMMINGASSIGNMENT4\PROGRAMMINGASSIGNMENT4\DEBUG\PROGRAMMINGASSIGNMENT4.EXE.EMBED.MANIFEST
C:\USERS\JORGE\DOCUMENTS\VISUAL STUDIO 2010\PROJECTS\PROGRAMMINGASSIGNMENT4\PROGRAMMINGASSIGNMENT4\DEBUG\PROGRAMMINGASSIGNMENT4.EXE.EMBED.MANIFEST.RES
C:\USERS\JORGE\DOCUMENTS\VISUAL STUDIO 2010\PROJECTS\PROGRAMMINGASSIGNMENT4\PROGRAMMINGASSIGNMENT4\DEBUG\PROGRAMMINGASSIGNMENT4.EXE.INTERMEDIATE.MANIFEST
C:\USERS\JORGE\DOCUMENTS\VISUAL STUDIO 2010\PROJECTS\PROGRAMMINGASSIGNMENT4\PROGRAMMINGASSIGNMENT4\DEBUG\PROGRAMMINGASSIGNMENT4.OBJ
C:\Users\Jorge\Documents\Visual Studio 2010\Projects\ProgrammingAssignment4\ProgrammingAssignment4\Debug\ProgrammingAssignment4.vcxprojResolveAssemblyReference.cache
C:\Users\Jorge\Documents\Visual Studio 2010\Projects\ProgrammingAssignment4\ProgrammingAssignment4\Debug\ProgrammingAssignment4.write.1.tlog
C:\Users\Jorge\Documents\Visual Studio 2010\Projects\ProgrammingAssignment4\ProgrammingAssignment4\Debug\ProgrammingAssignment4_manifest.rc
C:\Users\Jorge\Documents\Visual Studio 2010\Projects\ProgrammingAssignment4\ProgrammingAssignment4\Debug\rc.command.1.tlog
C:\Users\Jorge\Documents\Visual Studio 2010\Projects\ProgrammingAssignment4\ProgrammingAssignment4\Debug\rc.read.1.tlog
C:\Users\Jorge\Documents\Visual Studio 2010\Projects\ProgrammingAssignment4\ProgrammingAssignment4\Debug\rc.write.1.tlog
C:\Users\Jorge\Documents\Visual Studio 2010\Projects\ProgrammingAssignment4\ProgrammingAssignment4\Debug\vc100.idb
C:\USERS\JORGE\DOCUMENTS\VISUAL STUDIO 2010\PROJECTS\PROGRAMMINGASSIGNMENT4\PROGRAMMINGASSIGNMENT4\DEBUG\VC100.PDB
C:\USERS\JORGE\DOCUMENTS\VISUAL STUDIO 2010\PROJECTS\PROGRAMMINGASSIGNMENT4\PROGRAMMINGASSIGNMENT4\DEBUG\VHS.OBJ
C:\USERS\JORGE\DOCUMENTS\VISUAL STUDIO 2010\PROJECTS\PROGRAMMINGASSIGNMENT4\PROGRAMMINGASSIGNMENT4\DEBUG\VIDEO.OBJ
C:\USERS\JORGE\DOCUMENTS\VISUAL STUDIO 2010\PROJECTS\PROGRAMMINGASSIGNMENT4\PROGRAMMINGASSIGNMENT4\DEBUG\VIEW.OBJ
